<?xml version="1.0" encoding="UTF-8"?>
<!-- Generated by org.testng.reporters.JUnitReportReporter -->
<testsuite skipped="0" hostname="LT-CND7303L3R" name="com.clusters.test.smoke.TestLoginSC3879" tests="4" failures="0" timestamp="24 Mar 2018 14:18:19 GMT" time="41.806" errors="0">
  <testcase name="testInvalidUsernameTC1" time="11.059" classname="com.clusters.test.smoke.TestLoginSC3879"/>
  <testcase name="tesValidUsernameTC2" time="10.276" classname="com.clusters.test.smoke.TestLoginSC3879"/>
  <testcase name="testInvalidPasswordTC3" time="11.508" classname="com.clusters.test.smoke.TestLoginSC3879"/>
  <testcase name="testForgotEmailTC4" time="8.963" classname="com.clusters.test.smoke.TestLoginSC3879"/>
</testsuite> <!-- com.clusters.test.smoke.TestLoginSC3879 -->
