<?xml version="1.0" encoding="UTF-8"?>
<!-- Generated by org.testng.reporters.JUnitReportReporter -->
<testsuite skipped="0" hostname="LT-CND7303L3R" name="com.clusters.test.smoke.TestLoginSC3879" tests="4" failures="0" timestamp="22 Mar 2018 16:47:27 GMT" time="33.107" errors="0">
  <testcase name="testInvalidUsernameTC1" time="9.217" classname="com.clusters.test.smoke.TestLoginSC3879"/>
  <testcase name="tesValidUsernameTC2" time="8.191" classname="com.clusters.test.smoke.TestLoginSC3879"/>
  <testcase name="testInvalidPasswordTC3" time="10.041" classname="com.clusters.test.smoke.TestLoginSC3879"/>
  <testcase name="testForgotEmailTC4" time="5.658" classname="com.clusters.test.smoke.TestLoginSC3879"/>
</testsuite> <!-- com.clusters.test.smoke.TestLoginSC3879 -->
